<?xml version="1.0" encoding="UTF-8"?>
<!-- Generated by org.testng.reporters.JUnitReportReporter -->
<testsuite hostname="LAPTOP-DFDTRN2Q" failures="0" tests="1" name="JavaScriptExecutor.JavaScriptExecutor.ElementHighlight" time="8.442" errors="0" timestamp="2022-04-21T15:25:32 IST" skipped="0">
  <testcase classname="JavaScriptExecutor.JavaScriptExecutor.ElementHighlight" name="elementHighlight" time="8.442"/>
  <system-out/>
</testsuite> <!-- JavaScriptExecutor.JavaScriptExecutor.ElementHighlight -->
