<?xml version="1.0" encoding="UTF-8"?>
<!-- Generated by org.testng.reporters.JUnitReportReporter -->
<testsuite hostname="LAPTOP-DFDTRN2Q" failures="0" tests="1" name="JavaScriptExecutor.JavaScriptExecutor.DropdownTest" time="10.919" errors="0" timestamp="2022-04-21T15:27:43 IST" skipped="0">
  <testcase classname="JavaScriptExecutor.JavaScriptExecutor.DropdownTest" name="dropdrowntest" time="10.919"/>
  <system-out/>
</testsuite> <!-- JavaScriptExecutor.JavaScriptExecutor.DropdownTest -->
