<?xml version="1.0" encoding="UTF-8"?>
<!-- Generated by org.testng.reporters.JUnitReportReporter -->
<testsuite hostname="LAPTOP-DFDTRN2Q" failures="0" tests="1" name="JavaScriptExecutor.JavaScriptExecutor.windowscroll" time="20.286" errors="0" timestamp="2022-04-21T15:11:06 IST" skipped="0">
  <testcase classname="JavaScriptExecutor.JavaScriptExecutor.windowscroll" name="windowScroll" time="20.286"/>
  <system-out/>
</testsuite> <!-- JavaScriptExecutor.JavaScriptExecutor.windowscroll -->
